# JRE version: Java(TM) SE Runtime Environment (8.0_05-b13) (build 1.8.0_05-b13)
# Java VM: Java HotSpot(TM) 64-Bit Server VM (25.5-b02 mixed mode windows-amd64 compressed oops)
Heap:
 PSYoungGen      total 12800K, used 8073K [0x0000000780380000, 0x0000000781400000, 0x00000007c0000000)
  eden space 10240K, 59% used [0x0000000780380000,0x000000078097c158,0x0000000780d80000)
  from space 2560K, 75% used [0x0000000781080000,0x0000000781266530,0x0000000781300000)
  to   space 3072K, 0% used [0x0000000780d80000,0x0000000780d80000,0x0000000781080000)
 ParOldGen       total 195072K, used 3019K [0x0000000700a00000, 0x000000070c880000, 0x0000000780380000)
  object space 195072K, 1% used [0x0000000700a00000,0x0000000700cf2ef0,0x000000070c880000)
 Metaspace       used 12429K, capacity 12684K, committed 13056K, reserved 1060864K
  class space    used 1566K, capacity 1669K, committed 1792K, reserved 1048576K
GC Heap History (10 events):
Event: 0.227 GC heap before
{Heap before GC invocations=6 (full 0):
 PSYoungGen      total 2560K, used 2528K [0x0000000780380000, 0x0000000780980000, 0x00000007c0000000)
  eden space 2048K, 99% used [0x0000000780380000,0x000000078057ffe0,0x0000000780580000)
  from space 512K, 93% used [0x0000000780580000,0x00000007805f8020,0x0000000780600000)
  to   space 1024K, 0% used [0x0000000780880000,0x0000000780880000,0x0000000780980000)
 ParOldGen       total 195072K, used 995K [0x0000000700a00000, 0x000000070c880000, 0x0000000780380000)
  object space 195072K, 0% used [0x0000000700a00000,0x0000000700af8de8,0x000000070c880000)
 Metaspace       used 4552K, capacity 5524K, committed 5760K, reserved 1056768K
  class space    used 504K, capacity 568K, committed 640K, reserved 1048576K
Event: 0.228 GC heap after
Heap after GC invocations=6 (full 0):
 PSYoungGen      total 4608K, used 1007K [0x0000000780380000, 0x0000000780a80000, 0x00000007c0000000)
  eden space 3584K, 0% used [0x0000000780380000,0x0000000780380000,0x0000000780700000)
  from space 1024K, 98% used [0x0000000780880000,0x000000078097bf60,0x0000000780980000)
  to   space 1536K, 0% used [0x0000000780700000,0x0000000780700000,0x0000000780880000)
 ParOldGen       total 195072K, used 1126K [0x0000000700a00000, 0x000000070c880000, 0x0000000780380000)
  object space 195072K, 0% used [0x0000000700a00000,0x0000000700b19be8,0x000000070c880000)
 Metaspace       used 4552K, capacity 5524K, committed 5760K, reserved 1056768K
  class space    used 504K, capacity 568K, committed 640K, reserved 1048576K
}
Event: 0.298 GC heap before
{Heap before GC invocations=7 (full 0):
 PSYoungGen      total 4608K, used 4591K [0x0000000780380000, 0x0000000780a80000, 0x00000007c0000000)
  eden space 3584K, 100% used [0x0000000780380000,0x0000000780700000,0x0000000780700000)
  from space 1024K, 98% used [0x0000000780880000,0x000000078097bf60,0x0000000780980000)
  to   space 1536K, 0% used [0x0000000780700000,0x0000000780700000,0x0000000780880000)
 ParOldGen       total 195072K, used 1126K [0x0000000700a00000, 0x000000070c880000, 0x0000000780380000)
  object space 195072K, 0% used [0x0000000700a00000,0x0000000700b19be8,0x000000070c880000)
 Metaspace       used 6191K, capacity 6556K, committed 6784K, reserved 1056768K
  class space    used 701K, capacity 780K, committed 896K, reserved 1048576K
Event: 0.299 GC heap after
Heap after GC invocations=7 (full 0):
 PSYoungGen      total 5120K, used 1448K [0x0000000780380000, 0x0000000780d80000, 0x00000007c0000000)
  eden space 3584K, 0% used [0x0000000780380000,0x0000000780380000,0x0000000780700000)
  from space 1536K, 94% used [0x0000000780700000,0x000000078086a3b0,0x0000000780880000)
  to   space 1536K, 0% used [0x0000000780c00000,0x0000000780c00000,0x0000000780d80000)
 ParOldGen       total 195072K, used 1423K [0x0000000700a00000, 0x000000070c880000, 0x0000000780380000)
  object space 195072K, 0% used [0x0000000700a00000,0x0000000700b63c38,0x000000070c880000)
 Metaspace       used 6191K, capacity 6556K, committed 6784K, reserved 1056768K
  class space    used 701K, capacity 780K, committed 896K, reserved 1048576K
}
Event: 0.370 GC heap before
{Heap before GC invocations=8 (full 0):
 PSYoungGen      total 5120K, used 5032K [0x0000000780380000, 0x0000000780d80000, 0x00000007c0000000)
  eden space 3584K, 100% used [0x0000000780380000,0x0000000780700000,0x0000000780700000)
  from space 1536K, 94% used [0x0000000780700000,0x000000078086a3b0,0x0000000780880000)
  to   space 1536K, 0% used [0x0000000780c00000,0x0000000780c00000,0x0000000780d80000)
 ParOldGen       total 195072K, used 1423K [0x0000000700a00000, 0x000000070c880000, 0x0000000780380000)
  object space 195072K, 0% used [0x0000000700a00000,0x0000000700b63c38,0x000000070c880000)
 Metaspace       used 7272K, capacity 7462K, committed 7680K, reserved 1056768K
  class space    used 841K, capacity 921K, committed 1024K, reserved 1048576K
Event: 0.371 GC heap after
Heap after GC invocations=8 (full 0):
 PSYoungGen      total 8192K, used 1529K [0x0000000780380000, 0x0000000780e80000, 0x00000007c0000000)
  eden space 6656K, 0% used [0x0000000780380000,0x0000000780380000,0x0000000780a00000)
  from space 1536K, 99% used [0x0000000780c00000,0x0000000780d7e478,0x0000000780d80000)
  to   space 2048K, 0% used [0x0000000780a00000,0x0000000780a00000,0x0000000780c00000)
 ParOldGen       total 195072K, used 1658K [0x0000000700a00000, 0x000000070c880000, 0x0000000780380000)
  object space 195072K, 0% used [0x0000000700a00000,0x0000000700b9e9b0,0x000000070c880000)
 Metaspace       used 7272K, capacity 7462K, committed 7680K, reserved 1056768K
  class space    used 841K, capacity 921K, committed 1024K, reserved 1048576K
}
Event: 0.501 GC heap before
{Heap before GC invocations=9 (full 0):
 PSYoungGen      total 8192K, used 8185K [0x0000000780380000, 0x0000000780e80000, 0x00000007c0000000)
  eden space 6656K, 100% used [0x0000000780380000,0x0000000780a00000,0x0000000780a00000)
  from space 1536K, 99% used [0x0000000780c00000,0x0000000780d7e478,0x0000000780d80000)
  to   space 2048K, 0% used [0x0000000780a00000,0x0000000780a00000,0x0000000780c00000)
 ParOldGen       total 195072K, used 1658K [0x0000000700a00000, 0x000000070c880000, 0x0000000780380000)
  object space 195072K, 0% used [0x0000000700a00000,0x0000000700b9e9b0,0x000000070c880000)
 Metaspace       used 8979K, capacity 9208K, committed 9472K, reserved 1056768K
  class space    used 1149K, capacity 1248K, committed 1280K, reserved 1048576K
Event: 0.503 GC heap after
Heap after GC invocations=9 (full 0):
 PSYoungGen      total 8704K, used 2027K [0x0000000780380000, 0x0000000781300000, 0x00000007c0000000)
  eden space 6656K, 0% used [0x0000000780380000,0x0000000780380000,0x0000000780a00000)
  from space 2048K, 98% used [0x0000000780a00000,0x0000000780bfac58,0x0000000780c00000)
  to   space 2560K, 0% used [0x0000000781080000,0x0000000781080000,0x0000000781300000)
 ParOldGen       total 195072K, used 2447K [0x0000000700a00000, 0x000000070c880000, 0x0000000780380000)
  object space 195072K, 1% used [0x0000000700a00000,0x0000000700c63ea0,0x000000070c880000)
 Metaspace       used 8979K, capacity 9208K, committed 9472K, reserved 1056768K
  class space    used 1149K, capacity 1248K, committed 1280K, reserved 1048576K
}
Event: 0.592 GC heap before
{Heap before GC invocations=10 (full 0):
 PSYoungGen      total 8704K, used 8683K [0x0000000780380000, 0x0000000781300000, 0x00000007c0000000)
  eden space 6656K, 100% used [0x0000000780380000,0x0000000780a00000,0x0000000780a00000)
  from space 2048K, 98% used [0x0000000780a00000,0x0000000780bfac58,0x0000000780c00000)
  to   space 2560K, 0% used [0x0000000781080000,0x0000000781080000,0x0000000781300000)
 ParOldGen       total 195072K, used 2447K [0x0000000700a00000, 0x000000070c880000, 0x0000000780380000)
  object space 195072K, 1% used [0x0000000700a00000,0x0000000700c63ea0,0x000000070c880000)
 Metaspace       used 10346K, capacity 10604K, committed 10752K, reserved 1058816K
  class space    used 1327K, capacity 1445K, committed 1536K, reserved 1048576K
Event: 0.597 GC heap after
Heap after GC invocations=10 (full 0):
 PSYoungGen      total 12800K, used 1945K [0x0000000780380000, 0x0000000781400000, 0x00000007c0000000)
  eden space 10240K, 0% used [0x0000000780380000,0x0000000780380000,0x0000000780d80000)
  from space 2560K, 75% used [0x0000000781080000,0x0000000781266530,0x0000000781300000)
  to   space 3072K, 0% used [0x0000000780d80000,0x0000000780d80000,0x0000000781080000)
 ParOldGen       total 195072K, used 3019K [0x0000000700a00000, 0x000000070c880000, 0x0000000780380000)
  object space 195072K, 1% used [0x0000000700a00000,0x0000000700cf2ef0,0x000000070c880000)
 Metaspace       used 10346K, capacity 10604K, committed 10752K, reserved 1058816K
  class space    used 1327K, capacity 1445K, committed 1536K, reserved 1048576K
}

